GROUP,PACKAGE,CLASS,INSTRUCTION_MISSED,INSTRUCTION_COVERED,BRANCH_MISSED,BRANCH_COVERED,LINE_MISSED,LINE_COVERED,COMPLEXITY_MISSED,COMPLEXITY_COVERED,METHOD_MISSED,METHOD_COVERED
assignment7,cp510.assignments.geo_shape,GeoShape,0,85,0,6,0,21,0,10,0,7
assignment7,cp510.assignments.geo_shape,GeoRectangle,0,137,0,10,0,28,0,18,0,13
assignment7,cp510.assignments.geo_shape,GeoOval,0,32,0,0,0,10,0,5,0,5
assignment7,cp510.assignments.geo_shape,GeoPoint,0,89,0,8,0,20,0,12,0,8
assignment7,cp510.assignments.geo_shape,GeoPlane,0,67,0,6,0,22,0,8,0,5
assignment7,cp510.d_list,DList,0,63,0,6,0,21,0,13,0,10
assignment7,cp510.d_list,DNode,0,86,0,4,0,28,0,12,0,10
